2023.04.18 22:34:46 INFO  Started: Metals version 0.11.11 in workspace 'E:\vrunda technologies\programming-skills-bootcamp' for client Visual Studio Code 1.77.3.
SLF4J: No SLF4J providers were found.
SLF4J: Defaulting to no-operation (NOP) logger implementation
SLF4J: See https://www.slf4j.org/codes.html#noProviders for further details.
SLF4J: Class path contains SLF4J bindings targeting slf4j-api versions 1.7.x or earlier.
SLF4J: Ignoring binding found at [jar:file:/C:/Users/DELL/AppData/Local/Coursier/cache/v1/https/repo1.maven.org/maven2/com/outr/scribe-slf4j_2.13/3.11.0/scribe-slf4j_2.13-3.11.0.jar!/org/slf4j/impl/StaticLoggerBinder.class]
SLF4J: See https://www.slf4j.org/codes.html#ignoredBindings for an explanation.
2023.04.18 22:34:47 INFO  time: initialize in 1.7s
2023.04.18 22:35:06 WARN  Build server is not auto-connectable.
2023.04.18 22:35:06 WARN  no build tool detected in workspace 'E:\vrunda technologies\programming-skills-bootcamp'. The most common cause for this problem is that the editor was opened in the wrong working directory, for example if you use sbt then the workspace directory should contain build.sbt. 
2023.04.18 22:35:06 WARN  no build target for: E:\vrunda technologies\programming-skills-bootcamp\Week 1\Day 2\variables & datatypes\javaExample.java
2023.04.18 22:35:09 WARN  Running javac-semanticdb failed for file:///E:/vrunda%20technologies/programming-skills-bootcamp/Week%201/Day%202/variables%20&%20datatypes/javaExample.java. Output:
E:\vrunda technologies\programming-skills-bootcamp\Week 1\Day 2\variables & datatypes\javaExample.java:1: error: reached end of file while parsing
Ex  
^
1 error
2023.04.18 22:35:09 INFO  time: code lens generation in 3.56s
Apr 18, 2023 10:35:28 PM org.eclipse.lsp4j.jsonrpc.RemoteEndpoint handleCancellation
WARNING: Unmatched cancel notification for request id 20
2023.04.18 22:35:54 WARN  no build target for: E:\vrunda technologies\programming-skills-bootcamp\Week 1\Day 2\variables & datatypes\javaExample.java
2023.04.18 22:35:58 WARN  Running javac-semanticdb failed for file:///E:/vrunda%20technologies/programming-skills-bootcamp/Week%201/Day%202/variables%20&%20datatypes/javaExample.java. Output:
E:\vrunda technologies\programming-skills-bootcamp\Week 1\Day 2\variables & datatypes\javaExample.java:4: error: semanticdb-javac: unknown flag 'technologies\programming-skills-bootcamp\Week'
public class javaExample {
^
E:\vrunda technologies\programming-skills-bootcamp\Week 1\Day 2\variables & datatypes\javaExample.java:4: error: semanticdb-javac: unknown flag '1\Day'
public class javaExample {
^
E:\vrunda technologies\programming-skills-bootcamp\Week 1\Day 2\variables & datatypes\javaExample.java:4: error: semanticdb-javac: unknown flag '2\variables'
public class javaExample {
^
E:\vrunda technologies\programming-skills-bootcamp\Week 1\Day 2\variables & datatypes\javaExample.java:4: error: semanticdb-javac: unknown flag '&'
public class javaExample {
^
E:\vrunda technologies\programming-skills-bootcamp\Week 1\Day 2\variables & datatypes\javaExample.java:4: error: semanticdb-javac: unknown flag 'datatypes'
public class javaExample {
^
5 errors
2023.04.18 22:36:13 WARN  no build target for: E:\vrunda technologies\programming-skills-bootcamp\Week 1\Day 2\variables & datatypes\javaExample.java
2023.04.18 22:38:33 WARN  no build target for: E:\vrunda technologies\programming-skills-bootcamp\Week 1\Day 2\Operators and Control Flow\javaOperatorsExample.java
2023.04.18 22:38:53 WARN  no build target for: E:\vrunda technologies\programming-skills-bootcamp\Week 1\Day 2\Operators and Control Flow\javaOperatorsExample.java
2023.04.18 22:38:54 WARN  Running javac-semanticdb failed for file:///E:/vrunda%20technologies/programming-skills-bootcamp/Week%201/Day%202/Operators%20and%20Control%20Flow/javaOperatorsExample.java. Output:
E:\vrunda technologies\programming-skills-bootcamp\Week 1\Day 2\Operators and Control Flow\javaOperatorsExample.java:3: error: semanticdb-javac: unknown flag 'technologies\programming-skills-bootcamp\Week'
public class javaOperatorsExample {
^
E:\vrunda technologies\programming-skills-bootcamp\Week 1\Day 2\Operators and Control Flow\javaOperatorsExample.java:3: error: semanticdb-javac: unknown flag '1\Day'
public class javaOperatorsExample {
^
E:\vrunda technologies\programming-skills-bootcamp\Week 1\Day 2\Operators and Control Flow\javaOperatorsExample.java:3: error: semanticdb-javac: unknown flag '2\Operators'
public class javaOperatorsExample {
^
E:\vrunda technologies\programming-skills-bootcamp\Week 1\Day 2\Operators and Control Flow\javaOperatorsExample.java:3: error: semanticdb-javac: unknown flag 'and'
public class javaOperatorsExample {
^
E:\vrunda technologies\programming-skills-bootcamp\Week 1\Day 2\Operators and Control Flow\javaOperatorsExample.java:3: error: semanticdb-javac: unknown flag 'Control'
public class javaOperatorsExample {
^
E:\vrunda technologies\programming-skills-bootcamp\Week 1\Day 2\Operators and Control Flow\javaOperatorsExample.java:3: error: semanticdb-javac: unknown flag 'Flow'
public class javaOperatorsExample {
^
6 errors
Apr 18, 2023 10:39:02 PM org.eclipse.lsp4j.jsonrpc.RemoteEndpoint handleCancellation
WARNING: Unmatched cancel notification for request id 132
Apr 18, 2023 10:39:02 PM org.eclipse.lsp4j.jsonrpc.RemoteEndpoint handleCancellation
WARNING: Unmatched cancel notification for request id 134
Apr 18, 2023 10:39:03 PM org.eclipse.lsp4j.jsonrpc.RemoteEndpoint handleCancellation
WARNING: Unmatched cancel notification for request id 136
Apr 18, 2023 10:39:03 PM org.eclipse.lsp4j.jsonrpc.RemoteEndpoint handleCancellation
WARNING: Unmatched cancel notification for request id 140
2023.04.18 22:39:06 WARN  no build target for: E:\vrunda technologies\programming-skills-bootcamp\Week 1\Day 2\Operators and Control Flow\javaOperatorsExample.java
2023.04.18 22:39:09 WARN  Running javac-semanticdb failed for file:///E:/vrunda%20technologies/programming-skills-bootcamp/Week%201/Day%202/Operators%20and%20Control%20Flow/javaOperatorsExample.java. Output:
E:\vrunda technologies\programming-skills-bootcamp\Week 1\Day 2\Operators and Control Flow\javaOperatorsExample.java:1: error: semanticdb-javac: unknown flag 'technologies\programming-skills-bootcamp\Week'
public class javaOperatorsExample {
^
E:\vrunda technologies\programming-skills-bootcamp\Week 1\Day 2\Operators and Control Flow\javaOperatorsExample.java:1: error: semanticdb-javac: unknown flag '1\Day'
public class javaOperatorsExample {
^
E:\vrunda technologies\programming-skills-bootcamp\Week 1\Day 2\Operators and Control Flow\javaOperatorsExample.java:1: error: semanticdb-javac: unknown flag '2\Operators'
public class javaOperatorsExample {
^
E:\vrunda technologies\programming-skills-bootcamp\Week 1\Day 2\Operators and Control Flow\javaOperatorsExample.java:1: error: semanticdb-javac: unknown flag 'and'
public class javaOperatorsExample {
^
E:\vrunda technologies\programming-skills-bootcamp\Week 1\Day 2\Operators and Control Flow\javaOperatorsExample.java:1: error: semanticdb-javac: unknown flag 'Control'
public class javaOperatorsExample {
^
E:\vrunda technologies\programming-skills-bootcamp\Week 1\Day 2\Operators and Control Flow\javaOperatorsExample.java:1: error: semanticdb-javac: unknown flag 'Flow'
public class javaOperatorsExample {
^
6 errors
2023.04.18 22:39:14 WARN  no build target for: E:\vrunda technologies\programming-skills-bootcamp\Week 1\Day 2\Operators and Control Flow\javaOperatorsExample.java
2023.04.18 22:39:29 INFO  Shutting down server
2023.04.18 22:39:29 INFO  shutting down Metals
2023.04.18 22:39:29 INFO  Exiting server
2023.04.18 22:40:37 INFO  Started: Metals version 0.11.11 in workspace 'E:\vrunda technologies\programming-skills-bootcamp' for client Visual Studio Code 1.77.3.
SLF4J: No SLF4J providers were found.
SLF4J: Defaulting to no-operation (NOP) logger implementation
SLF4J: See https://www.slf4j.org/codes.html#noProviders for further details.
SLF4J: Class path contains SLF4J bindings targeting slf4j-api versions 1.7.x or earlier.
SLF4J: Ignoring binding found at [jar:file:/C:/Users/DELL/AppData/Local/Coursier/cache/v1/https/repo1.maven.org/maven2/com/outr/scribe-slf4j_2.13/3.11.0/scribe-slf4j_2.13-3.11.0.jar!/org/slf4j/impl/StaticLoggerBinder.class]
SLF4J: See https://www.slf4j.org/codes.html#ignoredBindings for an explanation.
2023.04.18 22:40:38 INFO  time: initialize in 0.98s
2023.04.18 22:41:02 WARN  Build server is not auto-connectable.
2023.04.18 22:41:02 WARN  no build tool detected in workspace 'E:\vrunda technologies\programming-skills-bootcamp'. The most common cause for this problem is that the editor was opened in the wrong working directory, for example if you use sbt then the workspace directory should contain build.sbt. 
2023.04.18 22:41:03 WARN  no build target for: E:\vrunda technologies\programming-skills-bootcamp\Week1\Day 2\OperatorsAndControlFlow\javaOperatorsExample.java
Apr 18, 2023 10:41:05 PM org.eclipse.lsp4j.jsonrpc.RemoteEndpoint handleCancellation
WARNING: Unmatched cancel notification for request id 1
Apr 18, 2023 10:41:05 PM org.eclipse.lsp4j.jsonrpc.RemoteEndpoint handleCancellation
WARNING: Unmatched cancel notification for request id 8
Apr 18, 2023 10:41:05 PM org.eclipse.lsp4j.jsonrpc.RemoteEndpoint handleCancellation
WARNING: Unmatched cancel notification for request id 10
Apr 18, 2023 10:41:05 PM org.eclipse.lsp4j.jsonrpc.RemoteEndpoint handleCancellation
WARNING: Unmatched cancel notification for request id 13
Apr 18, 2023 10:41:05 PM org.eclipse.lsp4j.jsonrpc.RemoteEndpoint handleCancellation
WARNING: Unmatched cancel notification for request id 14
Apr 18, 2023 10:41:05 PM org.eclipse.lsp4j.jsonrpc.RemoteEndpoint handleCancellation
WARNING: Unmatched cancel notification for request id 12
Apr 18, 2023 10:41:05 PM org.eclipse.lsp4j.jsonrpc.RemoteEndpoint handleCancellation
WARNING: Unmatched cancel notification for request id 16
Apr 18, 2023 10:41:05 PM org.eclipse.lsp4j.jsonrpc.RemoteEndpoint handleCancellation
WARNING: Unmatched cancel notification for request id 17
Apr 18, 2023 10:41:05 PM org.eclipse.lsp4j.jsonrpc.RemoteEndpoint handleCancellation
WARNING: Unmatched cancel notification for request id 24
Apr 18, 2023 10:41:05 PM org.eclipse.lsp4j.jsonrpc.RemoteEndpoint handleCancellation
WARNING: Unmatched cancel notification for request id 25
Apr 18, 2023 10:41:05 PM org.eclipse.lsp4j.jsonrpc.RemoteEndpoint handleCancellation
WARNING: Unmatched cancel notification for request id 21
Apr 18, 2023 10:41:05 PM org.eclipse.lsp4j.jsonrpc.RemoteEndpoint handleCancellation
WARNING: Unmatched cancel notification for request id 19
2023.04.18 22:41:06 WARN  no build target for: E:\vrunda technologies\programming-skills-bootcamp\Week1\Day2\OperatorsAndControlFlow\javaOperatorsExample.java
2023.04.18 22:41:07 WARN  Running javac-semanticdb failed for file:///E:/vrunda%20technologies/programming-skills-bootcamp/Week1/Day%202/OperatorsAndControlFlow/javaOperatorsExample.java. Output:
error: error reading E:\vrunda technologies\programming-skills-bootcamp\Week1\Day 2\OperatorsAndControlFlow\javaOperatorsExample.java; E:\vrunda technologies\programming-skills-bootcamp\Week1\Day 2\OperatorsAndControlFlow\javaOperatorsExample.java
1 error
2023.04.18 22:41:12 WARN  no build target for: E:\vrunda technologies\programming-skills-bootcamp\Week1\Day2\OperatorsAndControlFlow\javaOperatorsExample.java
2023.04.18 22:41:12 WARN  Running javac-semanticdb failed for file:///E:/vrunda%20technologies/programming-skills-bootcamp/Week1/Day2/OperatorsAndControlFlow/javaOperatorsExample.java. Output:
E:\vrunda technologies\programming-skills-bootcamp\Week1\Day2\OperatorsAndControlFlow\javaOperatorsExample.java:1: error: semanticdb-javac: unknown flag 'technologies\programming-skills-bootcamp\Week1\Day2\OperatorsAndControlFlow'
public class javaOperatorsExample {
^
1 error
2023.04.18 22:41:12 ERROR text document: file:///E:/vrunda%20technologies/programming-skills-bootcamp/Week1/Day%202/OperatorsAndControlFlow/javaOperatorsExample.java
java.nio.file.NoSuchFileException: E:\vrunda technologies\programming-skills-bootcamp\Week1\Day 2\OperatorsAndControlFlow\javaOperatorsExample.java
	at sun.nio.fs.WindowsException.translateToIOException(WindowsException.java:85)
	at sun.nio.fs.WindowsException.rethrowAsIOException(WindowsException.java:103)
	at sun.nio.fs.WindowsException.rethrowAsIOException(WindowsException.java:108)
	at sun.nio.fs.WindowsFileSystemProvider.newByteChannel(WindowsFileSystemProvider.java:236)
	at java.nio.file.Files.newByteChannel(Files.java:380)
	at java.nio.file.Files.newByteChannel(Files.java:432)
	at java.nio.file.Files.readAllBytes(Files.java:3287)
	at scala.meta.internal.io.PlatformFileIO$.slurp(PlatformFileIO.scala:45)
	at scala.meta.internal.io.FileIO$.slurp(FileIO.scala:24)
	at scala.meta.internal.metals.InteractiveSemanticdbs.$anonfun$textDocument$2(InteractiveSemanticdbs.scala:90)
	at scala.Option.getOrElse(Option.scala:201)
	at scala.meta.internal.metals.InteractiveSemanticdbs.$anonfun$textDocument$1(InteractiveSemanticdbs.scala:90)
	at java.util.HashMap.compute(HashMap.java:1324)
	at java.util.Collections$SynchronizedMap.compute(Collections.java:2770)
	at scala.meta.internal.metals.InteractiveSemanticdbs.textDocument(InteractiveSemanticdbs.scala:89)
	at scala.meta.internal.metals.InteractiveSemanticdbs.textDocument(InteractiveSemanticdbs.scala:63)
	at scala.meta.internal.metals.AggregateSemanticdbs.loop$1(AggregateSemanticdbs.scala:30)
	at scala.meta.internal.metals.AggregateSemanticdbs.textDocument(AggregateSemanticdbs.scala:36)
	at scala.meta.internal.metals.JavaDocumentHighlightProvider.documentHighlight(JavaDocumentHighlightProvider.scala:19)
	at scala.meta.internal.metals.MetalsLspService.$anonfun$documentHighlights$1(MetalsLspService.scala:1547)
	at scala.meta.internal.metals.CancelTokens$.$anonfun$apply$2(CancelTokens.scala:26)
	at scala.concurrent.Future$.$anonfun$apply$1(Future.scala:678)
	at scala.concurrent.impl.Promise$Transformation.run(Promise.scala:467)
	at java.util.concurrent.ThreadPoolExecutor.runWorker(ThreadPoolExecutor.java:1144)
	at java.util.concurrent.ThreadPoolExecutor$Worker.run(ThreadPoolExecutor.java:642)
	at java.lang.Thread.run(Thread.java:1589)

2023.04.18 22:41:12 ERROR text document: file:///E:/vrunda%20technologies/programming-skills-bootcamp/Week1/Day%202/OperatorsAndControlFlow/javaOperatorsExample.java
java.nio.file.NoSuchFileException: E:\vrunda technologies\programming-skills-bootcamp\Week1\Day 2\OperatorsAndControlFlow\javaOperatorsExample.java
	at sun.nio.fs.WindowsException.translateToIOException(WindowsException.java:85)
	at sun.nio.fs.WindowsException.rethrowAsIOException(WindowsException.java:103)
	at sun.nio.fs.WindowsException.rethrowAsIOException(WindowsException.java:108)
	at sun.nio.fs.WindowsFileSystemProvider.newByteChannel(WindowsFileSystemProvider.java:236)
	at java.nio.file.Files.newByteChannel(Files.java:380)
	at java.nio.file.Files.newByteChannel(Files.java:432)
	at java.nio.file.Files.readAllBytes(Files.java:3287)
	at scala.meta.internal.io.PlatformFileIO$.slurp(PlatformFileIO.scala:45)
	at scala.meta.internal.io.FileIO$.slurp(FileIO.scala:24)
	at scala.meta.internal.metals.InteractiveSemanticdbs.$anonfun$textDocument$2(InteractiveSemanticdbs.scala:90)
	at scala.Option.getOrElse(Option.scala:201)
	at scala.meta.internal.metals.InteractiveSemanticdbs.$anonfun$textDocument$1(InteractiveSemanticdbs.scala:90)
	at java.util.HashMap.compute(HashMap.java:1324)
	at java.util.Collections$SynchronizedMap.compute(Collections.java:2770)
	at scala.meta.internal.metals.InteractiveSemanticdbs.textDocument(InteractiveSemanticdbs.scala:89)
	at scala.meta.internal.metals.InteractiveSemanticdbs.textDocument(InteractiveSemanticdbs.scala:63)
	at scala.meta.internal.metals.AggregateSemanticdbs.loop$1(AggregateSemanticdbs.scala:30)
	at scala.meta.internal.metals.AggregateSemanticdbs.textDocument(AggregateSemanticdbs.scala:36)
	at scala.meta.internal.metals.JavaDocumentHighlightProvider.documentHighlight(JavaDocumentHighlightProvider.scala:19)
	at scala.meta.internal.metals.MetalsLspService.$anonfun$documentHighlights$1(MetalsLspService.scala:1547)
	at scala.meta.internal.metals.CancelTokens$.$anonfun$apply$2(CancelTokens.scala:26)
	at scala.concurrent.Future$.$anonfun$apply$1(Future.scala:678)
	at scala.concurrent.impl.Promise$Transformation.run(Promise.scala:467)
	at java.util.concurrent.ThreadPoolExecutor.runWorker(ThreadPoolExecutor.java:1144)
	at java.util.concurrent.ThreadPoolExecutor$Worker.run(ThreadPoolExecutor.java:642)
	at java.lang.Thread.run(Thread.java:1589)

2023.04.18 22:41:15 WARN  no build target for: E:\vrunda technologies\programming-skills-bootcamp\Week1\Day2\OperatorsAndControlFlow\javaOperatorsExample.java
2023.04.18 22:41:19 WARN  Running javac-semanticdb failed for file:///E:/vrunda%20technologies/programming-skills-bootcamp/Week1/Day2/OperatorsAndControlFlow/javaOperatorsExample.java. Output:
E:\vrunda technologies\programming-skills-bootcamp\Week1\Day2\OperatorsAndControlFlow\javaOperatorsExample.java:1: error: semanticdb-javac: unknown flag 'technologies\programming-skills-bootcamp\Week1\Day2\OperatorsAndControlFlow'
public class javaOperatorsExample {
^
1 error
Apr 18, 2023 10:41:23 PM org.eclipse.lsp4j.jsonrpc.RemoteEndpoint handleCancellation
WARNING: Unmatched cancel notification for request id 52
2023.04.18 22:41:25 WARN  Running javac-semanticdb failed for file:///E:/vrunda%20technologies/programming-skills-bootcamp/Week1/Day2/OperatorsAndControlFlow/javaOperatorsExample.java. Output:
E:\vrunda technologies\programming-skills-bootcamp\Week1\Day2\OperatorsAndControlFlow\javaOperatorsExample.java:1: error: semanticdb-javac: unknown flag 'technologies\programming-skills-bootcamp\Week1\Day2\OperatorsAndControlFlow'
public class javaOperatorsExample {
^
1 error
2023.04.18 22:41:25 INFO  time: code lens generation in 1.88s
2023.04.18 22:41:54 WARN  no build target for: E:\vrunda technologies\programming-skills-bootcamp\Week1\Day2\OperatorsAndControlFlow\javaOperatorsExample.java
Apr 18, 2023 10:45:46 PM org.eclipse.lsp4j.jsonrpc.services.GenericEndpoint notify
INFO: Unsupported notification method: $/setTrace
Apr 18, 2023 10:47:56 PM org.eclipse.lsp4j.jsonrpc.services.GenericEndpoint notify
INFO: Unsupported notification method: $/setTrace
Apr 18, 2023 10:48:46 PM org.eclipse.lsp4j.jsonrpc.services.GenericEndpoint notify
INFO: Unsupported notification method: $/setTrace
2023.04.18 22:56:45 INFO  Shutting down server
2023.04.18 22:56:45 INFO  shutting down Metals
2023.04.18 22:56:45 INFO  Exiting server
